CRITICAL - 2024-05-24 06:34:46 --> The framework needs the following extension(s) installed and loaded: intl.
in SYSTEMPATH\CodeIgniter.php on line 226.
 1 SYSTEMPATH\CodeIgniter.php(226): CodeIgniter\Exceptions\FrameworkException::forMissingExtension('intl')
 2 SYSTEMPATH\CodeIgniter.php(190): CodeIgniter\CodeIgniter->resolvePlatformExtensions()
 3 FCPATH\index.php(54): CodeIgniter\CodeIgniter->initialize()
CRITICAL - 2024-05-24 06:35:57 --> The framework needs the following extension(s) installed and loaded: intl.
in SYSTEMPATH\CodeIgniter.php on line 226.
 1 SYSTEMPATH\CodeIgniter.php(226): CodeIgniter\Exceptions\FrameworkException::forMissingExtension('intl')
 2 SYSTEMPATH\CodeIgniter.php(190): CodeIgniter\CodeIgniter->resolvePlatformExtensions()
 3 FCPATH\index.php(54): CodeIgniter\CodeIgniter->initialize()
WARNING - 2024-05-24 04:55:59 --> [DEPRECATED] Optional parameter $msj declared before required parameter $code is implicitly treated as a required parameter in APPPATH\Controllers\BaseApi.php on line 22.
 1 SYSTEMPATH\Autoloader\Autoloader.php(312): include_once('SYSTEMPATH\\Debug\\Exceptions.php')
 2 SYSTEMPATH\Autoloader\Autoloader.php(289): CodeIgniter\Autoloader\Autoloader->includeFile('APPPATH\\Controllers\\BaseApi.php')
 3 SYSTEMPATH\Autoloader\Autoloader.php(267): CodeIgniter\Autoloader\Autoloader->loadInNamespace('App\\Controllers\\BaseApi')
 4 APPPATH\Controllers\Cliente.php(7): CodeIgniter\Autoloader\Autoloader->loadClass('App\\Controllers\\BaseApi')
 5 SYSTEMPATH\Autoloader\Autoloader.php(312): include_once('APPPATH\\Controllers\\Cliente.php')
 6 SYSTEMPATH\Autoloader\Autoloader.php(289): CodeIgniter\Autoloader\Autoloader->includeFile('APPPATH\\Controllers\\Cliente.php')
 7 SYSTEMPATH\Autoloader\Autoloader.php(267): CodeIgniter\Autoloader\Autoloader->loadInNamespace('App\\Controllers\\Cliente')
 8 [internal function]: CodeIgniter\Autoloader\Autoloader->loadClass('App\\Controllers\\Cliente')
 9 SYSTEMPATH\CodeIgniter.php(892): class_exists('\\App\\Controllers\\Cliente', true)
10 SYSTEMPATH\CodeIgniter.php(486): CodeIgniter\CodeIgniter->startController()
11 SYSTEMPATH\CodeIgniter.php(368): CodeIgniter\CodeIgniter->handleRequest(null, Object(Config\Cache), false)
12 FCPATH\index.php(66): CodeIgniter\CodeIgniter->run()
WARNING - 2024-05-24 04:56:00 --> [DEPRECATED] Creation of dynamic property App\Controllers\Cliente::$clienteModel is deprecated in APPPATH\Controllers\Cliente.php on line 15.
 1 SYSTEMPATH\CodeIgniter.php(906): App\Controllers\Cliente->__construct()
 2 SYSTEMPATH\CodeIgniter.php(490): CodeIgniter\CodeIgniter->createController()
 3 SYSTEMPATH\CodeIgniter.php(368): CodeIgniter\CodeIgniter->handleRequest(null, Object(Config\Cache), false)
 4 FCPATH\index.php(66): CodeIgniter\CodeIgniter->run()
WARNING - 2024-05-24 04:56:00 --> [DEPRECATED] Optional parameter $msj declared before required parameter $code is implicitly treated as a required parameter in APPPATH\Controllers\BaseApi.php on line 22.
 1 SYSTEMPATH\Autoloader\Autoloader.php(312): include_once('SYSTEMPATH\\Debug\\Exceptions.php')
 2 SYSTEMPATH\Autoloader\Autoloader.php(289): CodeIgniter\Autoloader\Autoloader->includeFile('APPPATH\\Controllers\\BaseApi.php')
 3 SYSTEMPATH\Autoloader\Autoloader.php(267): CodeIgniter\Autoloader\Autoloader->loadInNamespace('App\\Controllers\\BaseApi')
 4 APPPATH\Controllers\Cliente.php(7): CodeIgniter\Autoloader\Autoloader->loadClass('App\\Controllers\\BaseApi')
 5 SYSTEMPATH\Router\AutoRouter.php(147): include_once('APPPATH\\Controllers\\Cliente.php')
 6 SYSTEMPATH\Router\Router.php(507): CodeIgniter\Router\AutoRouter->getRoute('/Cliente/readClient')
 7 SYSTEMPATH\Router\Router.php(206): CodeIgniter\Router\Router->autoRoute('/Cliente/readClient')
 8 SYSTEMPATH\CodeIgniter.php(815): CodeIgniter\Router\Router->handle('/Cliente/readClient')
 9 SYSTEMPATH\CodeIgniter.php(449): CodeIgniter\CodeIgniter->tryToRouteIt(Object(CodeIgniter\Router\RouteCollection))
10 SYSTEMPATH\CodeIgniter.php(368): CodeIgniter\CodeIgniter->handleRequest(null, Object(Config\Cache), false)
11 FCPATH\index.php(66): CodeIgniter\CodeIgniter->run()
WARNING - 2024-05-24 04:56:00 --> [DEPRECATED] Creation of dynamic property App\Controllers\Cliente::$clienteModel is deprecated in APPPATH\Controllers\Cliente.php on line 15.
 1 SYSTEMPATH\CodeIgniter.php(906): App\Controllers\Cliente->__construct()
 2 SYSTEMPATH\CodeIgniter.php(490): CodeIgniter\CodeIgniter->createController()
 3 SYSTEMPATH\CodeIgniter.php(368): CodeIgniter\CodeIgniter->handleRequest(null, Object(Config\Cache), false)
 4 FCPATH\index.php(66): CodeIgniter\CodeIgniter->run()
WARNING - 2024-05-24 04:56:31 --> [DEPRECATED] Optional parameter $msj declared before required parameter $code is implicitly treated as a required parameter in APPPATH\Controllers\BaseApi.php on line 22.
 1 SYSTEMPATH\Autoloader\Autoloader.php(312): include_once('SYSTEMPATH\\Debug\\Exceptions.php')
 2 SYSTEMPATH\Autoloader\Autoloader.php(289): CodeIgniter\Autoloader\Autoloader->includeFile('APPPATH\\Controllers\\BaseApi.php')
 3 SYSTEMPATH\Autoloader\Autoloader.php(267): CodeIgniter\Autoloader\Autoloader->loadInNamespace('App\\Controllers\\BaseApi')
 4 APPPATH\Controllers\Cliente.php(7): CodeIgniter\Autoloader\Autoloader->loadClass('App\\Controllers\\BaseApi')
 5 SYSTEMPATH\Router\AutoRouter.php(147): include_once('APPPATH\\Controllers\\Cliente.php')
 6 SYSTEMPATH\Router\Router.php(507): CodeIgniter\Router\AutoRouter->getRoute('/Cliente/eliminar')
 7 SYSTEMPATH\Router\Router.php(206): CodeIgniter\Router\Router->autoRoute('/Cliente/eliminar')
 8 SYSTEMPATH\CodeIgniter.php(815): CodeIgniter\Router\Router->handle('/Cliente/eliminar')
 9 SYSTEMPATH\CodeIgniter.php(449): CodeIgniter\CodeIgniter->tryToRouteIt(Object(CodeIgniter\Router\RouteCollection))
10 SYSTEMPATH\CodeIgniter.php(368): CodeIgniter\CodeIgniter->handleRequest(null, Object(Config\Cache), false)
11 FCPATH\index.php(66): CodeIgniter\CodeIgniter->run()
WARNING - 2024-05-24 04:56:31 --> [DEPRECATED] Creation of dynamic property App\Controllers\Cliente::$clienteModel is deprecated in APPPATH\Controllers\Cliente.php on line 15.
 1 SYSTEMPATH\CodeIgniter.php(906): App\Controllers\Cliente->__construct()
 2 SYSTEMPATH\CodeIgniter.php(490): CodeIgniter\CodeIgniter->createController()
 3 SYSTEMPATH\CodeIgniter.php(368): CodeIgniter\CodeIgniter->handleRequest(null, Object(Config\Cache), false)
 4 FCPATH\index.php(66): CodeIgniter\CodeIgniter->run()
WARNING - 2024-05-24 04:56:31 --> [DEPRECATED] Optional parameter $msj declared before required parameter $code is implicitly treated as a required parameter in APPPATH\Controllers\BaseApi.php on line 22.
 1 SYSTEMPATH\Autoloader\Autoloader.php(312): include_once('SYSTEMPATH\\Debug\\Exceptions.php')
 2 SYSTEMPATH\Autoloader\Autoloader.php(289): CodeIgniter\Autoloader\Autoloader->includeFile('APPPATH\\Controllers\\BaseApi.php')
 3 SYSTEMPATH\Autoloader\Autoloader.php(267): CodeIgniter\Autoloader\Autoloader->loadInNamespace('App\\Controllers\\BaseApi')
 4 APPPATH\Controllers\Cliente.php(7): CodeIgniter\Autoloader\Autoloader->loadClass('App\\Controllers\\BaseApi')
 5 SYSTEMPATH\Autoloader\Autoloader.php(312): include_once('APPPATH\\Controllers\\Cliente.php')
 6 SYSTEMPATH\Autoloader\Autoloader.php(289): CodeIgniter\Autoloader\Autoloader->includeFile('APPPATH\\Controllers\\Cliente.php')
 7 SYSTEMPATH\Autoloader\Autoloader.php(267): CodeIgniter\Autoloader\Autoloader->loadInNamespace('App\\Controllers\\Cliente')
 8 [internal function]: CodeIgniter\Autoloader\Autoloader->loadClass('App\\Controllers\\Cliente')
 9 SYSTEMPATH\CodeIgniter.php(892): class_exists('\\App\\Controllers\\Cliente', true)
10 SYSTEMPATH\CodeIgniter.php(486): CodeIgniter\CodeIgniter->startController()
11 SYSTEMPATH\CodeIgniter.php(368): CodeIgniter\CodeIgniter->handleRequest(null, Object(Config\Cache), false)
12 FCPATH\index.php(66): CodeIgniter\CodeIgniter->run()
WARNING - 2024-05-24 04:56:31 --> [DEPRECATED] Creation of dynamic property App\Controllers\Cliente::$clienteModel is deprecated in APPPATH\Controllers\Cliente.php on line 15.
 1 SYSTEMPATH\CodeIgniter.php(906): App\Controllers\Cliente->__construct()
 2 SYSTEMPATH\CodeIgniter.php(490): CodeIgniter\CodeIgniter->createController()
 3 SYSTEMPATH\CodeIgniter.php(368): CodeIgniter\CodeIgniter->handleRequest(null, Object(Config\Cache), false)
 4 FCPATH\index.php(66): CodeIgniter\CodeIgniter->run()
WARNING - 2024-05-24 04:56:32 --> [DEPRECATED] Optional parameter $msj declared before required parameter $code is implicitly treated as a required parameter in APPPATH\Controllers\BaseApi.php on line 22.
 1 SYSTEMPATH\Autoloader\Autoloader.php(312): include_once('SYSTEMPATH\\Debug\\Exceptions.php')
 2 SYSTEMPATH\Autoloader\Autoloader.php(289): CodeIgniter\Autoloader\Autoloader->includeFile('APPPATH\\Controllers\\BaseApi.php')
 3 SYSTEMPATH\Autoloader\Autoloader.php(267): CodeIgniter\Autoloader\Autoloader->loadInNamespace('App\\Controllers\\BaseApi')
 4 APPPATH\Controllers\Cliente.php(7): CodeIgniter\Autoloader\Autoloader->loadClass('App\\Controllers\\BaseApi')
 5 SYSTEMPATH\Router\AutoRouter.php(147): include_once('APPPATH\\Controllers\\Cliente.php')
 6 SYSTEMPATH\Router\Router.php(507): CodeIgniter\Router\AutoRouter->getRoute('/Cliente/readClient')
 7 SYSTEMPATH\Router\Router.php(206): CodeIgniter\Router\Router->autoRoute('/Cliente/readClient')
 8 SYSTEMPATH\CodeIgniter.php(815): CodeIgniter\Router\Router->handle('/Cliente/readClient')
 9 SYSTEMPATH\CodeIgniter.php(449): CodeIgniter\CodeIgniter->tryToRouteIt(Object(CodeIgniter\Router\RouteCollection))
10 SYSTEMPATH\CodeIgniter.php(368): CodeIgniter\CodeIgniter->handleRequest(null, Object(Config\Cache), false)
11 FCPATH\index.php(66): CodeIgniter\CodeIgniter->run()
WARNING - 2024-05-24 04:56:32 --> [DEPRECATED] Creation of dynamic property App\Controllers\Cliente::$clienteModel is deprecated in APPPATH\Controllers\Cliente.php on line 15.
 1 SYSTEMPATH\CodeIgniter.php(906): App\Controllers\Cliente->__construct()
 2 SYSTEMPATH\CodeIgniter.php(490): CodeIgniter\CodeIgniter->createController()
 3 SYSTEMPATH\CodeIgniter.php(368): CodeIgniter\CodeIgniter->handleRequest(null, Object(Config\Cache), false)
 4 FCPATH\index.php(66): CodeIgniter\CodeIgniter->run()
WARNING - 2024-05-24 04:56:45 --> [DEPRECATED] Optional parameter $msj declared before required parameter $code is implicitly treated as a required parameter in APPPATH\Controllers\BaseApi.php on line 22.
 1 SYSTEMPATH\Autoloader\Autoloader.php(312): include_once('SYSTEMPATH\\Debug\\Exceptions.php')
 2 SYSTEMPATH\Autoloader\Autoloader.php(289): CodeIgniter\Autoloader\Autoloader->includeFile('APPPATH\\Controllers\\BaseApi.php')
 3 SYSTEMPATH\Autoloader\Autoloader.php(267): CodeIgniter\Autoloader\Autoloader->loadInNamespace('App\\Controllers\\BaseApi')
 4 APPPATH\Controllers\Producto.php(6): CodeIgniter\Autoloader\Autoloader->loadClass('App\\Controllers\\BaseApi')
 5 SYSTEMPATH\Autoloader\Autoloader.php(312): include_once('APPPATH\\Controllers\\Producto.php')
 6 SYSTEMPATH\Autoloader\Autoloader.php(289): CodeIgniter\Autoloader\Autoloader->includeFile('APPPATH\\Controllers\\Producto.php')
 7 SYSTEMPATH\Autoloader\Autoloader.php(267): CodeIgniter\Autoloader\Autoloader->loadInNamespace('App\\Controllers\\Producto')
 8 [internal function]: CodeIgniter\Autoloader\Autoloader->loadClass('App\\Controllers\\Producto')
 9 SYSTEMPATH\CodeIgniter.php(892): class_exists('\\App\\Controllers\\Producto', true)
10 SYSTEMPATH\CodeIgniter.php(486): CodeIgniter\CodeIgniter->startController()
11 SYSTEMPATH\CodeIgniter.php(368): CodeIgniter\CodeIgniter->handleRequest(null, Object(Config\Cache), false)
12 FCPATH\index.php(66): CodeIgniter\CodeIgniter->run()
WARNING - 2024-05-24 04:56:45 --> [DEPRECATED] Creation of dynamic property App\Controllers\Producto::$productoModel is deprecated in APPPATH\Controllers\Producto.php on line 13.
 1 SYSTEMPATH\CodeIgniter.php(906): App\Controllers\Producto->__construct()
 2 SYSTEMPATH\CodeIgniter.php(490): CodeIgniter\CodeIgniter->createController()
 3 SYSTEMPATH\CodeIgniter.php(368): CodeIgniter\CodeIgniter->handleRequest(null, Object(Config\Cache), false)
 4 FCPATH\index.php(66): CodeIgniter\CodeIgniter->run()
WARNING - 2024-05-24 04:56:46 --> [DEPRECATED] Optional parameter $msj declared before required parameter $code is implicitly treated as a required parameter in APPPATH\Controllers\BaseApi.php on line 22.
 1 SYSTEMPATH\Autoloader\Autoloader.php(312): include_once('SYSTEMPATH\\Debug\\Exceptions.php')
 2 SYSTEMPATH\Autoloader\Autoloader.php(289): CodeIgniter\Autoloader\Autoloader->includeFile('APPPATH\\Controllers\\BaseApi.php')
 3 SYSTEMPATH\Autoloader\Autoloader.php(267): CodeIgniter\Autoloader\Autoloader->loadInNamespace('App\\Controllers\\BaseApi')
 4 APPPATH\Controllers\Producto.php(6): CodeIgniter\Autoloader\Autoloader->loadClass('App\\Controllers\\BaseApi')
 5 SYSTEMPATH\Router\AutoRouter.php(147): include_once('APPPATH\\Controllers\\Producto.php')
 6 SYSTEMPATH\Router\Router.php(507): CodeIgniter\Router\AutoRouter->getRoute('/Producto/readProducto')
 7 SYSTEMPATH\Router\Router.php(206): CodeIgniter\Router\Router->autoRoute('/Producto/readProducto')
 8 SYSTEMPATH\CodeIgniter.php(815): CodeIgniter\Router\Router->handle('/Producto/readProducto')
 9 SYSTEMPATH\CodeIgniter.php(449): CodeIgniter\CodeIgniter->tryToRouteIt(Object(CodeIgniter\Router\RouteCollection))
10 SYSTEMPATH\CodeIgniter.php(368): CodeIgniter\CodeIgniter->handleRequest(null, Object(Config\Cache), false)
11 FCPATH\index.php(66): CodeIgniter\CodeIgniter->run()
WARNING - 2024-05-24 04:56:46 --> [DEPRECATED] Creation of dynamic property App\Controllers\Producto::$productoModel is deprecated in APPPATH\Controllers\Producto.php on line 13.
 1 SYSTEMPATH\CodeIgniter.php(906): App\Controllers\Producto->__construct()
 2 SYSTEMPATH\CodeIgniter.php(490): CodeIgniter\CodeIgniter->createController()
 3 SYSTEMPATH\CodeIgniter.php(368): CodeIgniter\CodeIgniter->handleRequest(null, Object(Config\Cache), false)
 4 FCPATH\index.php(66): CodeIgniter\CodeIgniter->run()
WARNING - 2024-05-24 04:56:55 --> [DEPRECATED] Optional parameter $msj declared before required parameter $code is implicitly treated as a required parameter in APPPATH\Controllers\BaseApi.php on line 22.
 1 SYSTEMPATH\Autoloader\Autoloader.php(312): include_once('SYSTEMPATH\\Debug\\Exceptions.php')
 2 SYSTEMPATH\Autoloader\Autoloader.php(289): CodeIgniter\Autoloader\Autoloader->includeFile('APPPATH\\Controllers\\BaseApi.php')
 3 SYSTEMPATH\Autoloader\Autoloader.php(267): CodeIgniter\Autoloader\Autoloader->loadInNamespace('App\\Controllers\\BaseApi')
 4 APPPATH\Controllers\Factura.php(9): CodeIgniter\Autoloader\Autoloader->loadClass('App\\Controllers\\BaseApi')
 5 SYSTEMPATH\Autoloader\Autoloader.php(312): include_once('APPPATH\\Controllers\\Factura.php')
 6 SYSTEMPATH\Autoloader\Autoloader.php(289): CodeIgniter\Autoloader\Autoloader->includeFile('APPPATH\\Controllers\\Factura.php')
 7 SYSTEMPATH\Autoloader\Autoloader.php(267): CodeIgniter\Autoloader\Autoloader->loadInNamespace('App\\Controllers\\Factura')
 8 [internal function]: CodeIgniter\Autoloader\Autoloader->loadClass('App\\Controllers\\Factura')
 9 SYSTEMPATH\CodeIgniter.php(892): class_exists('\\App\\Controllers\\Factura', true)
10 SYSTEMPATH\CodeIgniter.php(486): CodeIgniter\CodeIgniter->startController()
11 SYSTEMPATH\CodeIgniter.php(368): CodeIgniter\CodeIgniter->handleRequest(null, Object(Config\Cache), false)
12 FCPATH\index.php(66): CodeIgniter\CodeIgniter->run()
WARNING - 2024-05-24 04:56:55 --> [DEPRECATED] Creation of dynamic property App\Controllers\Factura::$clientesModel is deprecated in APPPATH\Controllers\Factura.php on line 16.
 1 SYSTEMPATH\CodeIgniter.php(906): App\Controllers\Factura->__construct()
 2 SYSTEMPATH\CodeIgniter.php(490): CodeIgniter\CodeIgniter->createController()
 3 SYSTEMPATH\CodeIgniter.php(368): CodeIgniter\CodeIgniter->handleRequest(null, Object(Config\Cache), false)
 4 FCPATH\index.php(66): CodeIgniter\CodeIgniter->run()
WARNING - 2024-05-24 04:56:55 --> [DEPRECATED] Creation of dynamic property App\Controllers\Factura::$facturaModel is deprecated in APPPATH\Controllers\Factura.php on line 17.
 1 SYSTEMPATH\CodeIgniter.php(906): App\Controllers\Factura->__construct()
 2 SYSTEMPATH\CodeIgniter.php(490): CodeIgniter\CodeIgniter->createController()
 3 SYSTEMPATH\CodeIgniter.php(368): CodeIgniter\CodeIgniter->handleRequest(null, Object(Config\Cache), false)
 4 FCPATH\index.php(66): CodeIgniter\CodeIgniter->run()
WARNING - 2024-05-24 04:56:56 --> [DEPRECATED] Optional parameter $msj declared before required parameter $code is implicitly treated as a required parameter in APPPATH\Controllers\BaseApi.php on line 22.
 1 SYSTEMPATH\Autoloader\Autoloader.php(312): include_once('SYSTEMPATH\\Debug\\Exceptions.php')
 2 SYSTEMPATH\Autoloader\Autoloader.php(289): CodeIgniter\Autoloader\Autoloader->includeFile('APPPATH\\Controllers\\BaseApi.php')
 3 SYSTEMPATH\Autoloader\Autoloader.php(267): CodeIgniter\Autoloader\Autoloader->loadInNamespace('App\\Controllers\\BaseApi')
 4 APPPATH\Controllers\Factura.php(9): CodeIgniter\Autoloader\Autoloader->loadClass('App\\Controllers\\BaseApi')
 5 SYSTEMPATH\Router\AutoRouter.php(147): include_once('APPPATH\\Controllers\\Factura.php')
 6 SYSTEMPATH\Router\Router.php(507): CodeIgniter\Router\AutoRouter->getRoute('/Factura/cargandoClientes')
 7 SYSTEMPATH\Router\Router.php(206): CodeIgniter\Router\Router->autoRoute('/Factura/cargandoClientes')
 8 SYSTEMPATH\CodeIgniter.php(815): CodeIgniter\Router\Router->handle('/Factura/cargandoClientes')
 9 SYSTEMPATH\CodeIgniter.php(449): CodeIgniter\CodeIgniter->tryToRouteIt(Object(CodeIgniter\Router\RouteCollection))
10 SYSTEMPATH\CodeIgniter.php(368): CodeIgniter\CodeIgniter->handleRequest(null, Object(Config\Cache), false)
11 FCPATH\index.php(66): CodeIgniter\CodeIgniter->run()
WARNING - 2024-05-24 04:56:56 --> [DEPRECATED] Creation of dynamic property App\Controllers\Factura::$clientesModel is deprecated in APPPATH\Controllers\Factura.php on line 16.
 1 SYSTEMPATH\CodeIgniter.php(906): App\Controllers\Factura->__construct()
 2 SYSTEMPATH\CodeIgniter.php(490): CodeIgniter\CodeIgniter->createController()
 3 SYSTEMPATH\CodeIgniter.php(368): CodeIgniter\CodeIgniter->handleRequest(null, Object(Config\Cache), false)
 4 FCPATH\index.php(66): CodeIgniter\CodeIgniter->run()
WARNING - 2024-05-24 04:56:56 --> [DEPRECATED] Creation of dynamic property App\Controllers\Factura::$facturaModel is deprecated in APPPATH\Controllers\Factura.php on line 17.
 1 SYSTEMPATH\CodeIgniter.php(906): App\Controllers\Factura->__construct()
 2 SYSTEMPATH\CodeIgniter.php(490): CodeIgniter\CodeIgniter->createController()
 3 SYSTEMPATH\CodeIgniter.php(368): CodeIgniter\CodeIgniter->handleRequest(null, Object(Config\Cache), false)
 4 FCPATH\index.php(66): CodeIgniter\CodeIgniter->run()
WARNING - 2024-05-24 04:56:56 --> [DEPRECATED] Optional parameter $msj declared before required parameter $code is implicitly treated as a required parameter in APPPATH\Controllers\BaseApi.php on line 22.
 1 SYSTEMPATH\Autoloader\Autoloader.php(312): include_once('SYSTEMPATH\\Debug\\Exceptions.php')
 2 SYSTEMPATH\Autoloader\Autoloader.php(289): CodeIgniter\Autoloader\Autoloader->includeFile('APPPATH\\Controllers\\BaseApi.php')
 3 SYSTEMPATH\Autoloader\Autoloader.php(267): CodeIgniter\Autoloader\Autoloader->loadInNamespace('App\\Controllers\\BaseApi')
 4 APPPATH\Controllers\Factura.php(9): CodeIgniter\Autoloader\Autoloader->loadClass('App\\Controllers\\BaseApi')
 5 SYSTEMPATH\Router\AutoRouter.php(147): include_once('APPPATH\\Controllers\\Factura.php')
 6 SYSTEMPATH\Router\Router.php(507): CodeIgniter\Router\AutoRouter->getRoute('/Factura/readFactura')
 7 SYSTEMPATH\Router\Router.php(206): CodeIgniter\Router\Router->autoRoute('/Factura/readFactura')
 8 SYSTEMPATH\CodeIgniter.php(815): CodeIgniter\Router\Router->handle('/Factura/readFactura')
 9 SYSTEMPATH\CodeIgniter.php(449): CodeIgniter\CodeIgniter->tryToRouteIt(Object(CodeIgniter\Router\RouteCollection))
10 SYSTEMPATH\CodeIgniter.php(368): CodeIgniter\CodeIgniter->handleRequest(null, Object(Config\Cache), false)
11 FCPATH\index.php(66): CodeIgniter\CodeIgniter->run()
WARNING - 2024-05-24 04:56:56 --> [DEPRECATED] Creation of dynamic property App\Controllers\Factura::$clientesModel is deprecated in APPPATH\Controllers\Factura.php on line 16.
 1 SYSTEMPATH\CodeIgniter.php(906): App\Controllers\Factura->__construct()
 2 SYSTEMPATH\CodeIgniter.php(490): CodeIgniter\CodeIgniter->createController()
 3 SYSTEMPATH\CodeIgniter.php(368): CodeIgniter\CodeIgniter->handleRequest(null, Object(Config\Cache), false)
 4 FCPATH\index.php(66): CodeIgniter\CodeIgniter->run()
WARNING - 2024-05-24 04:56:56 --> [DEPRECATED] Creation of dynamic property App\Controllers\Factura::$facturaModel is deprecated in APPPATH\Controllers\Factura.php on line 17.
 1 SYSTEMPATH\CodeIgniter.php(906): App\Controllers\Factura->__construct()
 2 SYSTEMPATH\CodeIgniter.php(490): CodeIgniter\CodeIgniter->createController()
 3 SYSTEMPATH\CodeIgniter.php(368): CodeIgniter\CodeIgniter->handleRequest(null, Object(Config\Cache), false)
 4 FCPATH\index.php(66): CodeIgniter\CodeIgniter->run()
WARNING - 2024-05-24 04:56:59 --> [DEPRECATED] Optional parameter $msj declared before required parameter $code is implicitly treated as a required parameter in APPPATH\Controllers\BaseApi.php on line 22.
 1 SYSTEMPATH\Autoloader\Autoloader.php(312): include_once('SYSTEMPATH\\Debug\\Exceptions.php')
 2 SYSTEMPATH\Autoloader\Autoloader.php(289): CodeIgniter\Autoloader\Autoloader->includeFile('APPPATH\\Controllers\\BaseApi.php')
 3 SYSTEMPATH\Autoloader\Autoloader.php(267): CodeIgniter\Autoloader\Autoloader->loadInNamespace('App\\Controllers\\BaseApi')
 4 APPPATH\Controllers\Factura.php(9): CodeIgniter\Autoloader\Autoloader->loadClass('App\\Controllers\\BaseApi')
 5 SYSTEMPATH\Router\AutoRouter.php(147): include_once('APPPATH\\Controllers\\Factura.php')
 6 SYSTEMPATH\Router\Router.php(507): CodeIgniter\Router\AutoRouter->getRoute('/Factura/registro')
 7 SYSTEMPATH\Router\Router.php(206): CodeIgniter\Router\Router->autoRoute('/Factura/registro')
 8 SYSTEMPATH\CodeIgniter.php(815): CodeIgniter\Router\Router->handle('/Factura/registro')
 9 SYSTEMPATH\CodeIgniter.php(449): CodeIgniter\CodeIgniter->tryToRouteIt(Object(CodeIgniter\Router\RouteCollection))
10 SYSTEMPATH\CodeIgniter.php(368): CodeIgniter\CodeIgniter->handleRequest(null, Object(Config\Cache), false)
11 FCPATH\index.php(66): CodeIgniter\CodeIgniter->run()
WARNING - 2024-05-24 04:56:59 --> [DEPRECATED] Creation of dynamic property App\Controllers\Factura::$clientesModel is deprecated in APPPATH\Controllers\Factura.php on line 16.
 1 SYSTEMPATH\CodeIgniter.php(906): App\Controllers\Factura->__construct()
 2 SYSTEMPATH\CodeIgniter.php(490): CodeIgniter\CodeIgniter->createController()
 3 SYSTEMPATH\CodeIgniter.php(368): CodeIgniter\CodeIgniter->handleRequest(null, Object(Config\Cache), false)
 4 FCPATH\index.php(66): CodeIgniter\CodeIgniter->run()
WARNING - 2024-05-24 04:56:59 --> [DEPRECATED] Creation of dynamic property App\Controllers\Factura::$facturaModel is deprecated in APPPATH\Controllers\Factura.php on line 17.
 1 SYSTEMPATH\CodeIgniter.php(906): App\Controllers\Factura->__construct()
 2 SYSTEMPATH\CodeIgniter.php(490): CodeIgniter\CodeIgniter->createController()
 3 SYSTEMPATH\CodeIgniter.php(368): CodeIgniter\CodeIgniter->handleRequest(null, Object(Config\Cache), false)
 4 FCPATH\index.php(66): CodeIgniter\CodeIgniter->run()
ERROR - 2024-05-24 04:56:59 --> mysqli_sql_exception: Cannot add or update a child row: a foreign key constraint fails (`testdb`.`factura`, CONSTRAINT `fk_factura_cliente` FOREIGN KEY (`id_cliente`) REFERENCES `cliente` (`id_cliente`)) in C:\cofasa_server\htdocs\prueba\system\Database\MySQLi\Connection.php:295
Stack trace:
#0 C:\cofasa_server\htdocs\prueba\system\Database\MySQLi\Connection.php(295): mysqli->query('INSERT INTO `fa...', 0)
#1 C:\cofasa_server\htdocs\prueba\system\Database\BaseConnection.php(691): CodeIgniter\Database\MySQLi\Connection->execute('INSERT INTO `fa...')
#2 C:\cofasa_server\htdocs\prueba\system\Database\BaseConnection.php(605): CodeIgniter\Database\BaseConnection->simpleQuery('INSERT INTO `fa...')
#3 C:\cofasa_server\htdocs\prueba\system\Database\BaseBuilder.php(2309): CodeIgniter\Database\BaseConnection->query('INSERT INTO `fa...', Array, false)
#4 C:\cofasa_server\htdocs\prueba\system\Model.php(330): CodeIgniter\Database\BaseBuilder->insert()
#5 C:\cofasa_server\htdocs\prueba\system\BaseModel.php(782): CodeIgniter\Model->doInsert(Array)
#6 C:\cofasa_server\htdocs\prueba\system\Model.php(730): CodeIgniter\BaseModel->insert(Array, true)
#7 C:\cofasa_server\htdocs\prueba\app\Controllers\Factura.php(41): CodeIgniter\Model->insert(Array)
#8 C:\cofasa_server\htdocs\prueba\system\CodeIgniter.php(934): App\Controllers\Factura->registro()
#9 C:\cofasa_server\htdocs\prueba\system\CodeIgniter.php(499): CodeIgniter\CodeIgniter->runController(Object(App\Controllers\Factura))
#10 C:\cofasa_server\htdocs\prueba\system\CodeIgniter.php(368): CodeIgniter\CodeIgniter->handleRequest(NULL, Object(Config\Cache), false)
#11 C:\cofasa_server\htdocs\prueba\index.php(66): CodeIgniter\CodeIgniter->run()
#12 {main}
CRITICAL - 2024-05-24 04:56:59 --> Cannot add or update a child row: a foreign key constraint fails (`testdb`.`factura`, CONSTRAINT `fk_factura_cliente` FOREIGN KEY (`id_cliente`) REFERENCES `cliente` (`id_cliente`))
in SYSTEMPATH\Database\BaseConnection.php on line 645.
 1 SYSTEMPATH\Database\BaseBuilder.php(2309): CodeIgniter\Database\BaseConnection->query('INSERT INTO `factura` (`id_cliente`, `fecha`, `estatus`) VALUES (:id_cliente:, :fecha:, :estatus:)', [...], false)
 2 SYSTEMPATH\Model.php(330): CodeIgniter\Database\BaseBuilder->insert()
 3 SYSTEMPATH\BaseModel.php(782): CodeIgniter\Model->doInsert([...])
 4 SYSTEMPATH\Model.php(730): CodeIgniter\BaseModel->insert([...], true)
 5 APPPATH\Controllers\Factura.php(41): CodeIgniter\Model->insert([...])
 6 SYSTEMPATH\CodeIgniter.php(934): App\Controllers\Factura->registro()
 7 SYSTEMPATH\CodeIgniter.php(499): CodeIgniter\CodeIgniter->runController(Object(App\Controllers\Factura))
 8 SYSTEMPATH\CodeIgniter.php(368): CodeIgniter\CodeIgniter->handleRequest(null, Object(Config\Cache), false)
 9 FCPATH\index.php(66): CodeIgniter\CodeIgniter->run()
WARNING - 2024-05-24 04:57:08 --> [DEPRECATED] Optional parameter $msj declared before required parameter $code is implicitly treated as a required parameter in APPPATH\Controllers\BaseApi.php on line 22.
 1 SYSTEMPATH\Autoloader\Autoloader.php(312): include_once('SYSTEMPATH\\Debug\\Exceptions.php')
 2 SYSTEMPATH\Autoloader\Autoloader.php(289): CodeIgniter\Autoloader\Autoloader->includeFile('APPPATH\\Controllers\\BaseApi.php')
 3 SYSTEMPATH\Autoloader\Autoloader.php(267): CodeIgniter\Autoloader\Autoloader->loadInNamespace('App\\Controllers\\BaseApi')
 4 APPPATH\Controllers\Factura.php(9): CodeIgniter\Autoloader\Autoloader->loadClass('App\\Controllers\\BaseApi')
 5 SYSTEMPATH\Router\AutoRouter.php(147): include_once('APPPATH\\Controllers\\Factura.php')
 6 SYSTEMPATH\Router\Router.php(507): CodeIgniter\Router\AutoRouter->getRoute('/Factura/registro')
 7 SYSTEMPATH\Router\Router.php(206): CodeIgniter\Router\Router->autoRoute('/Factura/registro')
 8 SYSTEMPATH\CodeIgniter.php(815): CodeIgniter\Router\Router->handle('/Factura/registro')
 9 SYSTEMPATH\CodeIgniter.php(449): CodeIgniter\CodeIgniter->tryToRouteIt(Object(CodeIgniter\Router\RouteCollection))
10 SYSTEMPATH\CodeIgniter.php(368): CodeIgniter\CodeIgniter->handleRequest(null, Object(Config\Cache), false)
11 FCPATH\index.php(66): CodeIgniter\CodeIgniter->run()
WARNING - 2024-05-24 04:57:08 --> [DEPRECATED] Creation of dynamic property App\Controllers\Factura::$clientesModel is deprecated in APPPATH\Controllers\Factura.php on line 16.
 1 SYSTEMPATH\CodeIgniter.php(906): App\Controllers\Factura->__construct()
 2 SYSTEMPATH\CodeIgniter.php(490): CodeIgniter\CodeIgniter->createController()
 3 SYSTEMPATH\CodeIgniter.php(368): CodeIgniter\CodeIgniter->handleRequest(null, Object(Config\Cache), false)
 4 FCPATH\index.php(66): CodeIgniter\CodeIgniter->run()
WARNING - 2024-05-24 04:57:08 --> [DEPRECATED] Creation of dynamic property App\Controllers\Factura::$facturaModel is deprecated in APPPATH\Controllers\Factura.php on line 17.
 1 SYSTEMPATH\CodeIgniter.php(906): App\Controllers\Factura->__construct()
 2 SYSTEMPATH\CodeIgniter.php(490): CodeIgniter\CodeIgniter->createController()
 3 SYSTEMPATH\CodeIgniter.php(368): CodeIgniter\CodeIgniter->handleRequest(null, Object(Config\Cache), false)
 4 FCPATH\index.php(66): CodeIgniter\CodeIgniter->run()
WARNING - 2024-05-24 04:57:08 --> [DEPRECATED] Optional parameter $msj declared before required parameter $code is implicitly treated as a required parameter in APPPATH\Controllers\BaseApi.php on line 22.
 1 SYSTEMPATH\Autoloader\Autoloader.php(312): include_once('SYSTEMPATH\\Debug\\Exceptions.php')
 2 SYSTEMPATH\Autoloader\Autoloader.php(289): CodeIgniter\Autoloader\Autoloader->includeFile('APPPATH\\Controllers\\BaseApi.php')
 3 SYSTEMPATH\Autoloader\Autoloader.php(267): CodeIgniter\Autoloader\Autoloader->loadInNamespace('App\\Controllers\\BaseApi')
 4 APPPATH\Controllers\Factura.php(9): CodeIgniter\Autoloader\Autoloader->loadClass('App\\Controllers\\BaseApi')
 5 SYSTEMPATH\Autoloader\Autoloader.php(312): include_once('APPPATH\\Controllers\\Factura.php')
 6 SYSTEMPATH\Autoloader\Autoloader.php(289): CodeIgniter\Autoloader\Autoloader->includeFile('APPPATH\\Controllers\\Factura.php')
 7 SYSTEMPATH\Autoloader\Autoloader.php(267): CodeIgniter\Autoloader\Autoloader->loadInNamespace('App\\Controllers\\Factura')
 8 [internal function]: CodeIgniter\Autoloader\Autoloader->loadClass('App\\Controllers\\Factura')
 9 SYSTEMPATH\CodeIgniter.php(892): class_exists('\\App\\Controllers\\Factura', true)
10 SYSTEMPATH\CodeIgniter.php(486): CodeIgniter\CodeIgniter->startController()
11 SYSTEMPATH\CodeIgniter.php(368): CodeIgniter\CodeIgniter->handleRequest(null, Object(Config\Cache), false)
12 FCPATH\index.php(66): CodeIgniter\CodeIgniter->run()
WARNING - 2024-05-24 04:57:08 --> [DEPRECATED] Creation of dynamic property App\Controllers\Factura::$clientesModel is deprecated in APPPATH\Controllers\Factura.php on line 16.
 1 SYSTEMPATH\CodeIgniter.php(906): App\Controllers\Factura->__construct()
 2 SYSTEMPATH\CodeIgniter.php(490): CodeIgniter\CodeIgniter->createController()
 3 SYSTEMPATH\CodeIgniter.php(368): CodeIgniter\CodeIgniter->handleRequest(null, Object(Config\Cache), false)
 4 FCPATH\index.php(66): CodeIgniter\CodeIgniter->run()
WARNING - 2024-05-24 04:57:08 --> [DEPRECATED] Creation of dynamic property App\Controllers\Factura::$facturaModel is deprecated in APPPATH\Controllers\Factura.php on line 17.
 1 SYSTEMPATH\CodeIgniter.php(906): App\Controllers\Factura->__construct()
 2 SYSTEMPATH\CodeIgniter.php(490): CodeIgniter\CodeIgniter->createController()
 3 SYSTEMPATH\CodeIgniter.php(368): CodeIgniter\CodeIgniter->handleRequest(null, Object(Config\Cache), false)
 4 FCPATH\index.php(66): CodeIgniter\CodeIgniter->run()
WARNING - 2024-05-24 04:57:09 --> [DEPRECATED] Optional parameter $msj declared before required parameter $code is implicitly treated as a required parameter in APPPATH\Controllers\BaseApi.php on line 22.
 1 SYSTEMPATH\Autoloader\Autoloader.php(312): include_once('SYSTEMPATH\\Debug\\Exceptions.php')
 2 SYSTEMPATH\Autoloader\Autoloader.php(289): CodeIgniter\Autoloader\Autoloader->includeFile('APPPATH\\Controllers\\BaseApi.php')
 3 SYSTEMPATH\Autoloader\Autoloader.php(267): CodeIgniter\Autoloader\Autoloader->loadInNamespace('App\\Controllers\\BaseApi')
 4 APPPATH\Controllers\Factura.php(9): CodeIgniter\Autoloader\Autoloader->loadClass('App\\Controllers\\BaseApi')
 5 SYSTEMPATH\Router\AutoRouter.php(147): include_once('APPPATH\\Controllers\\Factura.php')
 6 SYSTEMPATH\Router\Router.php(507): CodeIgniter\Router\AutoRouter->getRoute('/Factura/cargandoClientes')
 7 SYSTEMPATH\Router\Router.php(206): CodeIgniter\Router\Router->autoRoute('/Factura/cargandoClientes')
 8 SYSTEMPATH\CodeIgniter.php(815): CodeIgniter\Router\Router->handle('/Factura/cargandoClientes')
 9 SYSTEMPATH\CodeIgniter.php(449): CodeIgniter\CodeIgniter->tryToRouteIt(Object(CodeIgniter\Router\RouteCollection))
10 SYSTEMPATH\CodeIgniter.php(368): CodeIgniter\CodeIgniter->handleRequest(null, Object(Config\Cache), false)
11 FCPATH\index.php(66): CodeIgniter\CodeIgniter->run()
WARNING - 2024-05-24 04:57:09 --> [DEPRECATED] Optional parameter $msj declared before required parameter $code is implicitly treated as a required parameter in APPPATH\Controllers\BaseApi.php on line 22.
 1 SYSTEMPATH\Autoloader\Autoloader.php(312): include_once('SYSTEMPATH\\Debug\\Exceptions.php')
 2 SYSTEMPATH\Autoloader\Autoloader.php(289): CodeIgniter\Autoloader\Autoloader->includeFile('APPPATH\\Controllers\\BaseApi.php')
 3 SYSTEMPATH\Autoloader\Autoloader.php(267): CodeIgniter\Autoloader\Autoloader->loadInNamespace('App\\Controllers\\BaseApi')
 4 APPPATH\Controllers\Factura.php(9): CodeIgniter\Autoloader\Autoloader->loadClass('App\\Controllers\\BaseApi')
 5 SYSTEMPATH\Router\AutoRouter.php(147): include_once('APPPATH\\Controllers\\Factura.php')
 6 SYSTEMPATH\Router\Router.php(507): CodeIgniter\Router\AutoRouter->getRoute('/Factura/readFactura')
 7 SYSTEMPATH\Router\Router.php(206): CodeIgniter\Router\Router->autoRoute('/Factura/readFactura')
 8 SYSTEMPATH\CodeIgniter.php(815): CodeIgniter\Router\Router->handle('/Factura/readFactura')
 9 SYSTEMPATH\CodeIgniter.php(449): CodeIgniter\CodeIgniter->tryToRouteIt(Object(CodeIgniter\Router\RouteCollection))
10 SYSTEMPATH\CodeIgniter.php(368): CodeIgniter\CodeIgniter->handleRequest(null, Object(Config\Cache), false)
11 FCPATH\index.php(66): CodeIgniter\CodeIgniter->run()
WARNING - 2024-05-24 04:57:09 --> [DEPRECATED] Creation of dynamic property App\Controllers\Factura::$clientesModel is deprecated in APPPATH\Controllers\Factura.php on line 16.
 1 SYSTEMPATH\CodeIgniter.php(906): App\Controllers\Factura->__construct()
 2 SYSTEMPATH\CodeIgniter.php(490): CodeIgniter\CodeIgniter->createController()
 3 SYSTEMPATH\CodeIgniter.php(368): CodeIgniter\CodeIgniter->handleRequest(null, Object(Config\Cache), false)
 4 FCPATH\index.php(66): CodeIgniter\CodeIgniter->run()
WARNING - 2024-05-24 04:57:09 --> [DEPRECATED] Creation of dynamic property App\Controllers\Factura::$facturaModel is deprecated in APPPATH\Controllers\Factura.php on line 17.
 1 SYSTEMPATH\CodeIgniter.php(906): App\Controllers\Factura->__construct()
 2 SYSTEMPATH\CodeIgniter.php(490): CodeIgniter\CodeIgniter->createController()
 3 SYSTEMPATH\CodeIgniter.php(368): CodeIgniter\CodeIgniter->handleRequest(null, Object(Config\Cache), false)
 4 FCPATH\index.php(66): CodeIgniter\CodeIgniter->run()
WARNING - 2024-05-24 04:57:09 --> [DEPRECATED] Creation of dynamic property App\Controllers\Factura::$clientesModel is deprecated in APPPATH\Controllers\Factura.php on line 16.
 1 SYSTEMPATH\CodeIgniter.php(906): App\Controllers\Factura->__construct()
 2 SYSTEMPATH\CodeIgniter.php(490): CodeIgniter\CodeIgniter->createController()
 3 SYSTEMPATH\CodeIgniter.php(368): CodeIgniter\CodeIgniter->handleRequest(null, Object(Config\Cache), false)
 4 FCPATH\index.php(66): CodeIgniter\CodeIgniter->run()
WARNING - 2024-05-24 04:57:09 --> [DEPRECATED] Creation of dynamic property App\Controllers\Factura::$facturaModel is deprecated in APPPATH\Controllers\Factura.php on line 17.
 1 SYSTEMPATH\CodeIgniter.php(906): App\Controllers\Factura->__construct()
 2 SYSTEMPATH\CodeIgniter.php(490): CodeIgniter\CodeIgniter->createController()
 3 SYSTEMPATH\CodeIgniter.php(368): CodeIgniter\CodeIgniter->handleRequest(null, Object(Config\Cache), false)
 4 FCPATH\index.php(66): CodeIgniter\CodeIgniter->run()
WARNING - 2024-05-24 05:11:59 --> [DEPRECATED] Optional parameter $msj declared before required parameter $code is implicitly treated as a required parameter in APPPATH\Controllers\BaseApi.php on line 22.
 1 SYSTEMPATH\Autoloader\Autoloader.php(312): include_once('SYSTEMPATH\\Debug\\Exceptions.php')
 2 SYSTEMPATH\Autoloader\Autoloader.php(289): CodeIgniter\Autoloader\Autoloader->includeFile('APPPATH\\Controllers\\BaseApi.php')
 3 SYSTEMPATH\Autoloader\Autoloader.php(267): CodeIgniter\Autoloader\Autoloader->loadInNamespace('App\\Controllers\\BaseApi')
 4 APPPATH\Controllers\Factura.php(9): CodeIgniter\Autoloader\Autoloader->loadClass('App\\Controllers\\BaseApi')
 5 SYSTEMPATH\Autoloader\Autoloader.php(312): include_once('APPPATH\\Controllers\\Factura.php')
 6 SYSTEMPATH\Autoloader\Autoloader.php(289): CodeIgniter\Autoloader\Autoloader->includeFile('APPPATH\\Controllers\\Factura.php')
 7 SYSTEMPATH\Autoloader\Autoloader.php(267): CodeIgniter\Autoloader\Autoloader->loadInNamespace('App\\Controllers\\Factura')
 8 [internal function]: CodeIgniter\Autoloader\Autoloader->loadClass('App\\Controllers\\Factura')
 9 SYSTEMPATH\CodeIgniter.php(892): class_exists('\\App\\Controllers\\Factura', true)
10 SYSTEMPATH\CodeIgniter.php(486): CodeIgniter\CodeIgniter->startController()
11 SYSTEMPATH\CodeIgniter.php(368): CodeIgniter\CodeIgniter->handleRequest(null, Object(Config\Cache), false)
12 FCPATH\index.php(66): CodeIgniter\CodeIgniter->run()
WARNING - 2024-05-24 05:11:59 --> [DEPRECATED] Creation of dynamic property App\Controllers\Factura::$clientesModel is deprecated in APPPATH\Controllers\Factura.php on line 16.
 1 SYSTEMPATH\CodeIgniter.php(906): App\Controllers\Factura->__construct()
 2 SYSTEMPATH\CodeIgniter.php(490): CodeIgniter\CodeIgniter->createController()
 3 SYSTEMPATH\CodeIgniter.php(368): CodeIgniter\CodeIgniter->handleRequest(null, Object(Config\Cache), false)
 4 FCPATH\index.php(66): CodeIgniter\CodeIgniter->run()
WARNING - 2024-05-24 05:11:59 --> [DEPRECATED] Creation of dynamic property App\Controllers\Factura::$facturaModel is deprecated in APPPATH\Controllers\Factura.php on line 17.
 1 SYSTEMPATH\CodeIgniter.php(906): App\Controllers\Factura->__construct()
 2 SYSTEMPATH\CodeIgniter.php(490): CodeIgniter\CodeIgniter->createController()
 3 SYSTEMPATH\CodeIgniter.php(368): CodeIgniter\CodeIgniter->handleRequest(null, Object(Config\Cache), false)
 4 FCPATH\index.php(66): CodeIgniter\CodeIgniter->run()
WARNING - 2024-05-24 05:12:01 --> [DEPRECATED] Optional parameter $msj declared before required parameter $code is implicitly treated as a required parameter in APPPATH\Controllers\BaseApi.php on line 22.
 1 SYSTEMPATH\Autoloader\Autoloader.php(312): include_once('SYSTEMPATH\\Debug\\Exceptions.php')
 2 SYSTEMPATH\Autoloader\Autoloader.php(289): CodeIgniter\Autoloader\Autoloader->includeFile('APPPATH\\Controllers\\BaseApi.php')
 3 SYSTEMPATH\Autoloader\Autoloader.php(267): CodeIgniter\Autoloader\Autoloader->loadInNamespace('App\\Controllers\\BaseApi')
 4 APPPATH\Controllers\Factura.php(9): CodeIgniter\Autoloader\Autoloader->loadClass('App\\Controllers\\BaseApi')
 5 SYSTEMPATH\Router\AutoRouter.php(147): include_once('APPPATH\\Controllers\\Factura.php')
 6 SYSTEMPATH\Router\Router.php(507): CodeIgniter\Router\AutoRouter->getRoute('/Factura/cargandoClientes')
 7 SYSTEMPATH\Router\Router.php(206): CodeIgniter\Router\Router->autoRoute('/Factura/cargandoClientes')
 8 SYSTEMPATH\CodeIgniter.php(815): CodeIgniter\Router\Router->handle('/Factura/cargandoClientes')
 9 SYSTEMPATH\CodeIgniter.php(449): CodeIgniter\CodeIgniter->tryToRouteIt(Object(CodeIgniter\Router\RouteCollection))
10 SYSTEMPATH\CodeIgniter.php(368): CodeIgniter\CodeIgniter->handleRequest(null, Object(Config\Cache), false)
11 FCPATH\index.php(66): CodeIgniter\CodeIgniter->run()
WARNING - 2024-05-24 05:12:01 --> [DEPRECATED] Creation of dynamic property App\Controllers\Factura::$clientesModel is deprecated in APPPATH\Controllers\Factura.php on line 16.
 1 SYSTEMPATH\CodeIgniter.php(906): App\Controllers\Factura->__construct()
 2 SYSTEMPATH\CodeIgniter.php(490): CodeIgniter\CodeIgniter->createController()
 3 SYSTEMPATH\CodeIgniter.php(368): CodeIgniter\CodeIgniter->handleRequest(null, Object(Config\Cache), false)
 4 FCPATH\index.php(66): CodeIgniter\CodeIgniter->run()
WARNING - 2024-05-24 05:12:01 --> [DEPRECATED] Optional parameter $msj declared before required parameter $code is implicitly treated as a required parameter in APPPATH\Controllers\BaseApi.php on line 22.
 1 SYSTEMPATH\Autoloader\Autoloader.php(312): include_once('SYSTEMPATH\\Debug\\Exceptions.php')
 2 SYSTEMPATH\Autoloader\Autoloader.php(289): CodeIgniter\Autoloader\Autoloader->includeFile('APPPATH\\Controllers\\BaseApi.php')
 3 SYSTEMPATH\Autoloader\Autoloader.php(267): CodeIgniter\Autoloader\Autoloader->loadInNamespace('App\\Controllers\\BaseApi')
 4 APPPATH\Controllers\Factura.php(9): CodeIgniter\Autoloader\Autoloader->loadClass('App\\Controllers\\BaseApi')
 5 SYSTEMPATH\Router\AutoRouter.php(147): include_once('APPPATH\\Controllers\\Factura.php')
 6 SYSTEMPATH\Router\Router.php(507): CodeIgniter\Router\AutoRouter->getRoute('/Factura/readFactura')
 7 SYSTEMPATH\Router\Router.php(206): CodeIgniter\Router\Router->autoRoute('/Factura/readFactura')
 8 SYSTEMPATH\CodeIgniter.php(815): CodeIgniter\Router\Router->handle('/Factura/readFactura')
 9 SYSTEMPATH\CodeIgniter.php(449): CodeIgniter\CodeIgniter->tryToRouteIt(Object(CodeIgniter\Router\RouteCollection))
10 SYSTEMPATH\CodeIgniter.php(368): CodeIgniter\CodeIgniter->handleRequest(null, Object(Config\Cache), false)
11 FCPATH\index.php(66): CodeIgniter\CodeIgniter->run()
WARNING - 2024-05-24 05:12:01 --> [DEPRECATED] Creation of dynamic property App\Controllers\Factura::$clientesModel is deprecated in APPPATH\Controllers\Factura.php on line 16.
 1 SYSTEMPATH\CodeIgniter.php(906): App\Controllers\Factura->__construct()
 2 SYSTEMPATH\CodeIgniter.php(490): CodeIgniter\CodeIgniter->createController()
 3 SYSTEMPATH\CodeIgniter.php(368): CodeIgniter\CodeIgniter->handleRequest(null, Object(Config\Cache), false)
 4 FCPATH\index.php(66): CodeIgniter\CodeIgniter->run()
WARNING - 2024-05-24 05:12:01 --> [DEPRECATED] Creation of dynamic property App\Controllers\Factura::$facturaModel is deprecated in APPPATH\Controllers\Factura.php on line 17.
 1 SYSTEMPATH\CodeIgniter.php(906): App\Controllers\Factura->__construct()
 2 SYSTEMPATH\CodeIgniter.php(490): CodeIgniter\CodeIgniter->createController()
 3 SYSTEMPATH\CodeIgniter.php(368): CodeIgniter\CodeIgniter->handleRequest(null, Object(Config\Cache), false)
 4 FCPATH\index.php(66): CodeIgniter\CodeIgniter->run()
WARNING - 2024-05-24 05:12:01 --> [DEPRECATED] Creation of dynamic property App\Controllers\Factura::$facturaModel is deprecated in APPPATH\Controllers\Factura.php on line 17.
 1 SYSTEMPATH\CodeIgniter.php(906): App\Controllers\Factura->__construct()
 2 SYSTEMPATH\CodeIgniter.php(490): CodeIgniter\CodeIgniter->createController()
 3 SYSTEMPATH\CodeIgniter.php(368): CodeIgniter\CodeIgniter->handleRequest(null, Object(Config\Cache), false)
 4 FCPATH\index.php(66): CodeIgniter\CodeIgniter->run()
